Build started 28/09/2013 13:53:19.
     1>Project "C:\Users\Vitor Silva\Documents\GitHub\LAIG-2013-2014\CGraphics_LAIG_TP01.vcxproj" on node 2 (Build target(s)).
     1>ClCompile:
         C:\Program Files (x86)\Microsoft Visual Studio 11.0\VC\bin\CL.exe /c /IC:\Windows\CGRA_lib\include /ZI /nologo /W3 /WX- /Od /Oy- /D _MBCS /Gm /EHsc /RTC1 /MDd /GS /fp:precise /Zc:wchar_t /Zc:forScope /Fo"Debug\\" /Fd"Debug\vc110.pdb" /Gd /TP /analyze- /errorReport:prompt src\Cameras.cpp src\Graph.cpp src\Lightning.cpp src\main.cpp src\Node.cpp src\Primitive.cpp src\Transform.cpp src\YafParser.cpp
         YafParser.cpp
         Transform.cpp
         Primitive.cpp
         Node.cpp
         main.cpp
         Lightning.cpp
         Graph.cpp
         Cameras.cpp
         Generating Code...
       Link:
         C:\Program Files (x86)\Microsoft Visual Studio 11.0\VC\bin\link.exe /ERRORREPORT:PROMPT /OUT:"C:\Users\Vitor Silva\Documents\GitHub\LAIG-2013-2014\Debug\CGraphics_LAIG_TP01.exe" /INCREMENTAL /NOLOGO /LIBPATH:"C:\Users\Vitor Silva\Documents\GitHub\LAIG-2013-2014\lib" /LIBPATH:C:\Windows\CGRA_lib\lib /LIBPATH:C:\Windows\CGRA_lib\lib glew32.lib CGFlibd.lib TinyXML.lib kernel32.lib user32.lib gdi32.lib winspool.lib comdlg32.lib advapi32.lib shell32.lib ole32.lib oleaut32.lib uuid.lib odbc32.lib odbccp32.lib /MANIFEST /MANIFESTUAC:"level='asInvoker' uiAccess='false'" /manifest:embed /DEBUG /PDB:"C:\Users\Vitor Silva\Documents\GitHub\LAIG-2013-2014\Debug\CGraphics_LAIG_TP01.pdb" /TLBID:1 /DYNAMICBASE /NXCOMPAT /IMPLIB:"C:\Users\Vitor Silva\Documents\GitHub\LAIG-2013-2014\Debug\CGraphics_LAIG_TP01.lib" /MACHINE:X86 Debug\Cameras.obj
         Debug\Graph.obj
         Debug\Lightning.obj
         Debug\main.obj
         Debug\Node.obj
         Debug\Primitive.obj
         Debug\Transform.obj
         Debug\YafParser.obj
     1>LIBCMT.lib(stdexcpt.obj) : error LNK2005: "public: __thiscall std::exception::exception(char const * const &)" (??0exception@std@@QAE@ABQBD@Z) already defined in MSVCRTD.lib(MSVCR110D.dll)
     1>LIBCMT.lib(stdexcpt.obj) : error LNK2005: "public: __thiscall std::exception::exception(class std::exception const &)" (??0exception@std@@QAE@ABV01@@Z) already defined in MSVCRTD.lib(MSVCR110D.dll)
     1>LIBCMT.lib(stdexcpt.obj) : error LNK2005: "public: virtual __thiscall std::exception::~exception(void)" (??1exception@std@@UAE@XZ) already defined in MSVCRTD.lib(MSVCR110D.dll)
     1>LIBCMT.lib(stdexcpt.obj) : error LNK2005: "public: virtual char const * __thiscall std::exception::what(void)const " (?what@exception@std@@UBEPBDXZ) already defined in MSVCRTD.lib(MSVCR110D.dll)
     1>LIBCMT.lib(fpinit.obj) : error LNK2005: __fltused already defined in a previous module
     1>LIBCMT.lib(fpinit.obj) : error LNK2005: __ldused already defined in a previous module
     1>LIBCMT.lib(invarg.obj) : error LNK2005: __invalid_parameter already defined in MSVCRTD.lib(MSVCR110D.dll)
     1>LIBCMT.lib(invarg.obj) : error LNK2005: __invoke_watson already defined in MSVCRTD.lib(MSVCR110D.dll)
     1>LIBCMT.lib(_ctype.obj) : error LNK2005: _isalnum already defined in MSVCRTD.lib(MSVCR110D.dll)
     1>LIBCMT.lib(_ctype.obj) : error LNK2005: _isalpha already defined in MSVCRTD.lib(MSVCR110D.dll)
     1>LIBCMT.lib(_ctype.obj) : error LNK2005: _isspace already defined in MSVCRTD.lib(MSVCR110D.dll)
     1>LIBCMT.lib(crt0dat.obj) : error LNK2005: __amsg_exit already defined in MSVCRTD.lib(MSVCR110D.dll)
     1>LIBCMT.lib(crt0dat.obj) : error LNK2005: __cexit already defined in MSVCRTD.lib(MSVCR110D.dll)
     1>LIBCMT.lib(crt0dat.obj) : error LNK2005: __exit already defined in MSVCRTD.lib(MSVCR110D.dll)
     1>LIBCMT.lib(crt0dat.obj) : error LNK2005: __initterm_e already defined in MSVCRTD.lib(MSVCR110D.dll)
     1>LIBCMT.lib(crt0dat.obj) : error LNK2005: _exit already defined in MSVCRTD.lib(MSVCR110D.dll)
     1>LIBCMT.lib(wsetloca.obj) : error LNK2005: __configthreadlocale already defined in MSVCRTD.lib(MSVCR110D.dll)
     1>LIBCMT.lib(mlock.obj) : error LNK2005: __lock already defined in MSVCRTD.lib(MSVCR110D.dll)
     1>LIBCMT.lib(mlock.obj) : error LNK2005: __unlock already defined in MSVCRTD.lib(MSVCR110D.dll)
     1>LIBCMT.lib(winapisupp.obj) : error LNK2005: ___crtSetUnhandledExceptionFilter already defined in MSVCRTD.lib(MSVCR110D.dll)
     1>LIBCMT.lib(winapisupp.obj) : error LNK2005: ___crtTerminateProcess already defined in MSVCRTD.lib(MSVCR110D.dll)
     1>LIBCMT.lib(winapisupp.obj) : error LNK2005: ___crtUnhandledException already defined in MSVCRTD.lib(MSVCR110D.dll)
     1>LIBCMT.lib(winxfltr.obj) : error LNK2005: __XcptFilter already defined in MSVCRTD.lib(MSVCR110D.dll)
     1>LIBCMT.lib(hooks.obj) : error LNK2005: "void __cdecl terminate(void)" (?terminate@@YAXXZ) already defined in MSVCRTD.lib(MSVCR110D.dll)
     1>LIBCMT.lib(crt0init.obj) : error LNK2005: ___xi_a already defined in MSVCRTD.lib(cinitexe.obj)
     1>LIBCMT.lib(crt0init.obj) : error LNK2005: ___xi_z already defined in MSVCRTD.lib(cinitexe.obj)
     1>LIBCMT.lib(crt0init.obj) : error LNK2005: ___xc_a already defined in MSVCRTD.lib(cinitexe.obj)
     1>LIBCMT.lib(crt0init.obj) : error LNK2005: ___xc_z already defined in MSVCRTD.lib(cinitexe.obj)
     1>LIBCMT.lib(errmode.obj) : error LNK2005: ___set_app_type already defined in MSVCRTD.lib(MSVCR110D.dll)
     1>MSVCRTD.lib(MSVCR110D.dll) : error LNK2005: ___iob_func already defined in LIBCMT.lib(_file.obj)
     1>MSVCRTD.lib(MSVCR110D.dll) : error LNK2005: _fflush already defined in LIBCMT.lib(fflush.obj)
     1>LINK : warning LNK4098: defaultlib 'MSVCRTD' conflicts with use of other libs; use /NODEFAULTLIB:library
     1>LINK : warning LNK4098: defaultlib 'LIBCMT' conflicts with use of other libs; use /NODEFAULTLIB:library
     1>main.obj : error LNK2001: unresolved external symbol "public: virtual void __thiscall Scene::init(void)" (?init@Scene@@UAEXXZ)
     1>main.obj : error LNK2001: unresolved external symbol "public: virtual void __thiscall Scene::display(void)" (?display@Scene@@UAEXXZ)
     1>main.obj : error LNK2019: unresolved external symbol "public: virtual __thiscall Scene::~Scene(void)" (??1Scene@@UAE@XZ) referenced in function "public: virtual void * __thiscall Scene::`scalar deleting destructor'(unsigned int)" (??_GScene@@UAEPAXI@Z)
     1>C:\Users\Vitor Silva\Documents\GitHub\LAIG-2013-2014\Debug\CGraphics_LAIG_TP01.exe : fatal error LNK1120: 3 unresolved externals
     1>Done Building Project "C:\Users\Vitor Silva\Documents\GitHub\LAIG-2013-2014\CGraphics_LAIG_TP01.vcxproj" (Build target(s)) -- FAILED.

Build FAILED.

Time Elapsed 00:00:08.70
