C:\USERS\VITOR_000\GOOGLE DRIVE\FEUP\LAIG_TP01\DEBUG\APPEARANCE.OBJ
C:\USERS\VITOR_000\GOOGLE DRIVE\FEUP\LAIG_TP01\DEBUG\CAMERA.OBJ
C:\Users\vitor_000\Google Drive\FEUP\LAIG_TP01\Debug\cl.command.1.tlog
C:\Users\vitor_000\Google Drive\FEUP\LAIG_TP01\Debug\CL.read.1.tlog
C:\Users\vitor_000\Google Drive\FEUP\LAIG_TP01\Debug\CL.write.1.tlog
C:\USERS\VITOR_000\GOOGLE DRIVE\FEUP\LAIG_TP01\DEBUG\GRAPH.OBJ
C:\USERS\VITOR_000\GOOGLE DRIVE\FEUP\LAIG_TP01\DEBUG\INTERFACE.OBJ
C:\USERS\VITOR_000\GOOGLE DRIVE\FEUP\LAIG_TP01\DEBUG\LAIG_TP01.EXE
C:\USERS\VITOR_000\GOOGLE DRIVE\FEUP\LAIG_TP01\DEBUG\LAIG_TP01.EXE.EMBED.MANIFEST
C:\USERS\VITOR_000\GOOGLE DRIVE\FEUP\LAIG_TP01\DEBUG\LAIG_TP01.EXE.EMBED.MANIFEST.RES
C:\USERS\VITOR_000\GOOGLE DRIVE\FEUP\LAIG_TP01\DEBUG\LAIG_TP01.EXE.INTERMEDIATE.MANIFEST
C:\USERS\VITOR_000\GOOGLE DRIVE\FEUP\LAIG_TP01\DEBUG\LAIG_TP01.ILK
C:\USERS\VITOR_000\GOOGLE DRIVE\FEUP\LAIG_TP01\DEBUG\LAIG_TP01.PDB
C:\Users\vitor_000\Google Drive\FEUP\LAIG_TP01\Debug\LAIG_TP01.write.1.tlog
C:\Users\vitor_000\Google Drive\FEUP\LAIG_TP01\Debug\LAIG_TP01_manifest.rc
C:\USERS\VITOR_000\GOOGLE DRIVE\FEUP\LAIG_TP01\DEBUG\LIGHTING.OBJ
C:\Users\vitor_000\Google Drive\FEUP\LAIG_TP01\Debug\link.6560.read.1.tlog
C:\Users\vitor_000\Google Drive\FEUP\LAIG_TP01\Debug\link.6560.read.3.tlog
C:\Users\vitor_000\Google Drive\FEUP\LAIG_TP01\Debug\link.6560.write.1.tlog
C:\Users\vitor_000\Google Drive\FEUP\LAIG_TP01\Debug\link.6560-cvtres.read.1.tlog
C:\Users\vitor_000\Google Drive\FEUP\LAIG_TP01\Debug\link.6560-cvtres.write.1.tlog
C:\Users\vitor_000\Google Drive\FEUP\LAIG_TP01\Debug\link.command.1.tlog
C:\Users\vitor_000\Google Drive\FEUP\LAIG_TP01\Debug\link.read.1.tlog
C:\Users\vitor_000\Google Drive\FEUP\LAIG_TP01\Debug\link.read.3.tlog
C:\Users\vitor_000\Google Drive\FEUP\LAIG_TP01\Debug\link.write.1.tlog
C:\Users\vitor_000\Google Drive\FEUP\LAIG_TP01\Debug\link-cvtres.read.1.tlog
C:\Users\vitor_000\Google Drive\FEUP\LAIG_TP01\Debug\link-cvtres.write.1.tlog
C:\USERS\VITOR_000\GOOGLE DRIVE\FEUP\LAIG_TP01\DEBUG\MAIN.OBJ
C:\Users\vitor_000\Google Drive\FEUP\LAIG_TP01\Debug\mt.command.1.tlog
C:\Users\vitor_000\Google Drive\FEUP\LAIG_TP01\Debug\mt.read.1.tlog
C:\Users\vitor_000\Google Drive\FEUP\LAIG_TP01\Debug\mt.write.1.tlog
C:\USERS\VITOR_000\GOOGLE DRIVE\FEUP\LAIG_TP01\DEBUG\NODE.OBJ
C:\USERS\VITOR_000\GOOGLE DRIVE\FEUP\LAIG_TP01\DEBUG\PRIMITIVE.OBJ
C:\Users\vitor_000\Google Drive\FEUP\LAIG_TP01\Debug\rc.command.1.tlog
C:\Users\vitor_000\Google Drive\FEUP\LAIG_TP01\Debug\rc.read.1.tlog
C:\Users\vitor_000\Google Drive\FEUP\LAIG_TP01\Debug\rc.write.1.tlog
C:\USERS\VITOR_000\GOOGLE DRIVE\FEUP\LAIG_TP01\DEBUG\SCENE.OBJ
C:\USERS\VITOR_000\GOOGLE DRIVE\FEUP\LAIG_TP01\DEBUG\TEXTURE.OBJ
C:\Users\vitor_000\Google Drive\FEUP\LAIG_TP01\Debug\vc100.idb
C:\USERS\VITOR_000\GOOGLE DRIVE\FEUP\LAIG_TP01\DEBUG\VC100.PDB
C:\USERS\VITOR_000\GOOGLE DRIVE\FEUP\LAIG_TP01\DEBUG\YAFPARSER.OBJ
