Build started 15/10/2013 14:09:54.
     1>Project "C:\Users\vitor_000\Google Drive\FEUP\LAIG_TP01\LAIG_TP01.vcxproj" on node 2 (build target(s)).
     1>InitializeBuildStatus:
         Creating "Debug\LAIG_TP01.unsuccessfulbuild" because "AlwaysCreate" was specified.
       ClCompile:
         C:\Program Files (x86)\Microsoft Visual Studio 10.0\VC\bin\CL.exe /c /ZI /nologo /W3 /WX- /Od /Oy- /D WIN32 /D _DEBUG /D _CONSOLE /D _UNICODE /D UNICODE /Gm /EHsc /RTC1 /MDd /GS /fp:precise /Zc:wchar_t /Zc:forScope /Fo"Debug\\" /Fd"Debug\vc100.pdb" /Gd /TP /analyze- /errorReport:prompt src\Scene.cpp
         Scene.cpp
       ManifestResourceCompile:
         All outputs are up-to-date.
       Link:
         C:\Program Files (x86)\Microsoft Visual Studio 10.0\VC\bin\link.exe /ERRORREPORT:PROMPT /OUT:"C:\Users\vitor_000\Google Drive\FEUP\LAIG_TP01\Debug\LAIG_TP01.exe" /INCREMENTAL /NOLOGO glew32.lib CGFlib.lib TinyXML.lib kernel32.lib user32.lib gdi32.lib winspool.lib comdlg32.lib advapi32.lib shell32.lib ole32.lib oleaut32.lib uuid.lib odbc32.lib odbccp32.lib kernel32.lib user32.lib gdi32.lib winspool.lib comdlg32.lib advapi32.lib shell32.lib ole32.lib oleaut32.lib uuid.lib odbc32.lib odbccp32.lib /NODEFAULTLIB:LIBCMT.lib /MANIFEST /ManifestFile:"Debug\LAIG_TP01.exe.intermediate.manifest" /MANIFESTUAC:"level='asInvoker' uiAccess='false'" /DEBUG /PDB:"C:\Users\vitor_000\Google Drive\FEUP\LAIG_TP01\Debug\LAIG_TP01.pdb" /SUBSYSTEM:CONSOLE /TLBID:1 /DYNAMICBASE /NXCOMPAT /IMPLIB:"C:\Users\vitor_000\Google Drive\FEUP\LAIG_TP01\Debug\LAIG_TP01.lib" /MACHINE:X86 Debug\LAIG_TP01.exe.embed.manifest.res
         Debug\Appearance.obj
         Debug\Camera.obj
         Debug\Graph.obj
         Debug\Interface.obj
         Debug\Lighting.obj
         Debug\main.obj
         Debug\Node.obj
         Debug\Primitive.obj
         Debug\Scene.obj
         Debug\Texture.obj
         Debug\YafParser.obj
       Manifest:
         C:\Program Files (x86)\Microsoft SDKs\Windows\v7.0A\bin\mt.exe /nologo /verbose /out:"Debug\LAIG_TP01.exe.embed.manifest" /manifest Debug\LAIG_TP01.exe.intermediate.manifest
         All outputs are up-to-date.
       LinkEmbedManifest:
         All outputs are up-to-date.
         LAIG_TP01.vcxproj -> C:\Users\vitor_000\Google Drive\FEUP\LAIG_TP01\Debug\LAIG_TP01.exe
       FinalizeBuildStatus:
         Deleting file "Debug\LAIG_TP01.unsuccessfulbuild".
         Touching "Debug\LAIG_TP01.lastbuildstate".
     1>Done Building Project "C:\Users\vitor_000\Google Drive\FEUP\LAIG_TP01\LAIG_TP01.vcxproj" (build target(s)).

Build succeeded.

Time Elapsed 00:00:18.35
