E:\BACKUPS\VITOR\FEUP\3ºANO\LAIG\TP_01\CGRAPHICS_LAIG_TP01\CGRAPHICS_LAIG_TP01\DEBUG\VC110.PDB
E:\BACKUPS\VITOR\FEUP\3ºANO\LAIG\TP_01\CGRAPHICS_LAIG_TP01\CGRAPHICS_LAIG_TP01\DEBUG\MAIN.OBJ
E:\BACKUPS\VITOR\FEUP\3ºANO\LAIG\TP_01\CGRAPHICS_LAIG_TP01\CGRAPHICS_LAIG_TP01\DEBUG\TINYXML2.OBJ
E:\BACKUPS\VITOR\FEUP\3ºANO\LAIG\TP_01\CGRAPHICS_LAIG_TP01\DEBUG\CGRAPHICS_LAIG_TP01.ILK
E:\BACKUPS\VITOR\FEUP\3ºANO\LAIG\TP_01\CGRAPHICS_LAIG_TP01\DEBUG\CGRAPHICS_LAIG_TP01.EXE
E:\BACKUPS\VITOR\FEUP\3ºANO\LAIG\TP_01\CGRAPHICS_LAIG_TP01\DEBUG\CGRAPHICS_LAIG_TP01.PDB
E:\BACKUPS\vitor\FEUP\3ºANO\LAIG\Projects\CGraphics_LAIG_TP01\CGraphics_LAIG_TP01\Debug\main.obj
E:\BACKUPS\vitor\FEUP\3ºANO\LAIG\Projects\CGraphics_LAIG_TP01\CGraphics_LAIG_TP01\Debug\tinyxml2.obj
E:\BACKUPS\vitor\FEUP\3ºANO\LAIG\Projects\CGraphics_LAIG_TP01\CGraphics_LAIG_TP01\Debug\cl.command.1.tlog
E:\BACKUPS\vitor\FEUP\3ºANO\LAIG\Projects\CGraphics_LAIG_TP01\CGraphics_LAIG_TP01\Debug\CL.read.1.tlog
E:\BACKUPS\vitor\FEUP\3ºANO\LAIG\Projects\CGraphics_LAIG_TP01\CGraphics_LAIG_TP01\Debug\CL.write.1.tlog
E:\BACKUPS\vitor\FEUP\3ºANO\LAIG\Projects\CGraphics_LAIG_TP01\CGraphics_LAIG_TP01\Debug\link-cvtres.read.1.tlog
E:\BACKUPS\vitor\FEUP\3ºANO\LAIG\Projects\CGraphics_LAIG_TP01\CGraphics_LAIG_TP01\Debug\link-cvtres.write.1.tlog
E:\BACKUPS\vitor\FEUP\3ºANO\LAIG\Projects\CGraphics_LAIG_TP01\CGraphics_LAIG_TP01\Debug\link-rc.read.1.tlog
E:\BACKUPS\vitor\FEUP\3ºANO\LAIG\Projects\CGraphics_LAIG_TP01\CGraphics_LAIG_TP01\Debug\link-rc.write.1.tlog
E:\BACKUPS\vitor\FEUP\3ºANO\LAIG\Projects\CGraphics_LAIG_TP01\CGraphics_LAIG_TP01\Debug\link.416-cvtres.read.1.tlog
E:\BACKUPS\vitor\FEUP\3ºANO\LAIG\Projects\CGraphics_LAIG_TP01\CGraphics_LAIG_TP01\Debug\link.416-cvtres.write.1.tlog
E:\BACKUPS\vitor\FEUP\3ºANO\LAIG\Projects\CGraphics_LAIG_TP01\CGraphics_LAIG_TP01\Debug\link.416-rc.read.1.tlog
E:\BACKUPS\vitor\FEUP\3ºANO\LAIG\Projects\CGraphics_LAIG_TP01\CGraphics_LAIG_TP01\Debug\link.416-rc.write.1.tlog
E:\BACKUPS\vitor\FEUP\3ºANO\LAIG\Projects\CGraphics_LAIG_TP01\CGraphics_LAIG_TP01\Debug\link.416.read.1.tlog
E:\BACKUPS\vitor\FEUP\3ºANO\LAIG\Projects\CGraphics_LAIG_TP01\CGraphics_LAIG_TP01\Debug\link.416.write.1.tlog
E:\BACKUPS\vitor\FEUP\3ºANO\LAIG\Projects\CGraphics_LAIG_TP01\CGraphics_LAIG_TP01\Debug\link.command.1.tlog
E:\BACKUPS\vitor\FEUP\3ºANO\LAIG\Projects\CGraphics_LAIG_TP01\CGraphics_LAIG_TP01\Debug\link.read.1.tlog
E:\BACKUPS\vitor\FEUP\3ºANO\LAIG\Projects\CGraphics_LAIG_TP01\CGraphics_LAIG_TP01\Debug\link.write.1.tlog
E:\BACKUPS\vitor\FEUP\3ºANO\LAIG\Projects\CGraphics_LAIG_TP01\CGraphics_LAIG_TP01\Debug\vc110.idb
E:\BACKUPS\vitor\FEUP\3ºANO\LAIG\Projects\CGraphics_LAIG_TP01\CGraphics_LAIG_TP01\Debug\vc110.pdb
E:\BACKUPS\vitor\FEUP\3ºANO\LAIG\Projects\CGraphics_LAIG_TP01\Debug\CGraphics_LAIG_TP01.pdb
E:\BACKUPS\vitor\FEUP\3ºANO\LAIG\Projects\CGraphics_LAIG_TP01\Debug\CGraphics_LAIG_TP01.exe
E:\BACKUPS\vitor\FEUP\3ºANO\LAIG\Projects\CGraphics_LAIG_TP01\Debug\CGraphics_LAIG_TP01.ilk
